<?xml version="1.0" encoding="UTF-8"?>
<testsuite name="com.example.demo.DemoApplicationTests" tests="1" skipped="0" failures="0" errors="0" timestamp="2019-09-02T05:44:35" hostname="siddalisMacBook" time="0.003">
  <properties/>
  <testcase name="contextLoads" classname="com.example.demo.DemoApplicationTests" time="0.003"/>
  <system-out><![CDATA[2019-09-02 01:44:32.834  INFO 5495 --- [    Test worker] .b.t.c.SpringBootTestContextBootstrapper : Neither @ContextConfiguration nor @ContextHierarchy found for test class [com.example.demo.DemoApplicationTests], using SpringBootContextLoader
2019-09-02 01:44:32.835  INFO 5495 --- [    Test worker] o.s.t.c.support.AbstractContextLoader    : Could not detect default resource locations for test class [com.example.demo.DemoApplicationTests]: no resource found for suffixes {-context.xml, Context.groovy}.
2019-09-02 01:44:32.835  INFO 5495 --- [    Test worker] t.c.s.AnnotationConfigContextLoaderUtils : Could not detect default configuration classes for test class [com.example.demo.DemoApplicationTests]: DemoApplicationTests does not declare any static, non-private, non-final, nested classes annotated with @Configuration.
2019-09-02 01:44:32.837  INFO 5495 --- [    Test worker] .b.t.c.SpringBootTestContextBootstrapper : Found @SpringBootConfiguration com.example.demo.DemoApplication for test class com.example.demo.DemoApplicationTests
2019-09-02 01:44:32.839  INFO 5495 --- [    Test worker] .b.t.c.SpringBootTestContextBootstrapper : Loaded default TestExecutionListener class names from location [META-INF/spring.factories]: [org.springframework.boot.test.autoconfigure.restdocs.RestDocsTestExecutionListener, org.springframework.boot.test.autoconfigure.web.client.MockRestServiceServerResetTestExecutionListener, org.springframework.boot.test.autoconfigure.web.servlet.MockMvcPrintOnlyOnFailureTestExecutionListener, org.springframework.boot.test.autoconfigure.web.servlet.WebDriverTestExecutionListener, org.springframework.boot.test.mock.mockito.MockitoTestExecutionListener, org.springframework.boot.test.mock.mockito.ResetMocksTestExecutionListener, org.springframework.test.context.web.ServletTestExecutionListener, org.springframework.test.context.support.DirtiesContextBeforeModesTestExecutionListener, org.springframework.test.context.support.DependencyInjectionTestExecutionListener, org.springframework.test.context.support.DirtiesContextTestExecutionListener, org.springframework.test.context.transaction.TransactionalTestExecutionListener, org.springframework.test.context.jdbc.SqlScriptsTestExecutionListener]
2019-09-02 01:44:32.840  INFO 5495 --- [    Test worker] .b.t.c.SpringBootTestContextBootstrapper : Using TestExecutionListeners: [org.springframework.test.context.web.ServletTestExecutionListener@200f3282, org.springframework.test.context.support.DirtiesContextBeforeModesTestExecutionListener@20527a55, org.springframework.boot.test.mock.mockito.MockitoTestExecutionListener@6a2ff50f, org.springframework.boot.test.autoconfigure.SpringBootDependencyInjectionTestExecutionListener@4b74c0b2, org.springframework.test.context.support.DirtiesContextTestExecutionListener@1236707c, org.springframework.test.context.transaction.TransactionalTestExecutionListener@210530bd, org.springframework.test.context.jdbc.SqlScriptsTestExecutionListener@34973e1f, org.springframework.boot.test.autoconfigure.restdocs.RestDocsTestExecutionListener@590b196f, org.springframework.boot.test.autoconfigure.web.client.MockRestServiceServerResetTestExecutionListener@789f27a2, org.springframework.boot.test.autoconfigure.web.servlet.MockMvcPrintOnlyOnFailureTestExecutionListener@701760d4, org.springframework.boot.test.autoconfigure.web.servlet.WebDriverTestExecutionListener@7dfddf0f, org.springframework.boot.test.mock.mockito.ResetMocksTestExecutionListener@7cbc71be]

  .   ____          _            __ _ _
 /\\ / ___'_ __ _ _(_)_ __  __ _ \ \ \ \
( ( )\___ | '_ | '_| | '_ \/ _` | \ \ \ \
 \\/  ___)| |_)| | | | | || (_| |  ) ) ) )
  '  |____| .__|_| |_|_| |_\__, | / / / /
 =========|_|==============|___/=/_/_/_/
 :: Spring Boot ::        (v2.1.7.RELEASE)

2019-09-02 01:44:32.880  INFO 5495 --- [    Test worker] com.example.demo.DemoApplicationTests    : Starting DemoApplicationTests on siddalisMacBook with PID 5495 (started by siddalinganayak in /Users/siddalinganayak/workspace/projects/person-user-profile-api)
2019-09-02 01:44:32.880  INFO 5495 --- [    Test worker] com.example.demo.DemoApplicationTests    : No active profile set, falling back to default profiles: default
2019-09-02 01:44:33.317  INFO 5495 --- [    Test worker] .s.d.r.c.RepositoryConfigurationDelegate : Bootstrapping Spring Data repositories in DEFAULT mode.
2019-09-02 01:44:33.328  INFO 5495 --- [    Test worker] .s.d.r.c.RepositoryConfigurationDelegate : Finished Spring Data repository scanning in 9ms. Found 1 repository interfaces.
2019-09-02 01:44:33.648  INFO 5495 --- [    Test worker] trationDelegate$BeanPostProcessorChecker : Bean 'org.springframework.transaction.annotation.ProxyTransactionManagementConfiguration' of type [org.springframework.transaction.annotation.ProxyTransactionManagementConfiguration$$EnhancerBySpringCGLIB$$1fd1c79f] is not eligible for getting processed by all BeanPostProcessors (for example: not eligible for auto-proxying)
2019-09-02 01:44:33.789  INFO 5495 --- [    Test worker] com.zaxxer.hikari.HikariDataSource       : HikariPool-1 - Starting...
2019-09-02 01:44:33.810  INFO 5495 --- [    Test worker] com.zaxxer.hikari.HikariDataSource       : HikariPool-1 - Start completed.
2019-09-02 01:44:33.844  INFO 5495 --- [    Test worker] o.hibernate.jpa.internal.util.LogHelper  : HHH000204: Processing PersistenceUnitInfo [
	name: default
	...]
2019-09-02 01:44:33.851  INFO 5495 --- [    Test worker] org.hibernate.dialect.Dialect            : HHH000400: Using dialect: org.hibernate.dialect.H2Dialect
2019-09-02 01:44:33.885  INFO 5495 --- [    Test worker] o.h.t.schema.internal.SchemaCreatorImpl  : HHH000476: Executing import script 'org.hibernate.tool.schema.internal.exec.ScriptSourceInputNonExistentImpl@3488b59f'
2019-09-02 01:44:33.886  INFO 5495 --- [    Test worker] j.LocalContainerEntityManagerFactoryBean : Initialized JPA EntityManagerFactory for persistence unit 'default'
2019-09-02 01:44:33.978  INFO 5495 --- [    Test worker] o.h.h.i.QueryTranslatorFactoryInitiator  : HHH000397: Using ASTQueryTranslatorFactory
2019-09-02 01:44:34.893  INFO 5495 --- [    Test worker] o.s.s.concurrent.ThreadPoolTaskExecutor  : Initializing ExecutorService 'applicationTaskExecutor'
2019-09-02 01:44:34.979  WARN 5495 --- [    Test worker] aWebConfiguration$JpaWebMvcConfiguration : spring.jpa.open-in-view is enabled by default. Therefore, database queries may be performed during view rendering. Explicitly configure spring.jpa.open-in-view to disable this warning
2019-09-02 01:44:35.403  INFO 5495 --- [    Test worker] com.example.demo.DemoApplicationTests    : Started DemoApplicationTests in 2.555 seconds (JVM running for 8.673)
John
Julie
]]></system-out>
  <system-err><![CDATA[]]></system-err>
</testsuite>
