<?xml version="1.0" encoding="UTF-8"?>
<testsuite name="com.example.demo.DemoApplicationTests" tests="1" skipped="0" failures="0" errors="0" timestamp="2019-09-04T23:11:09" hostname="siddalisMacBook" time="0.011">
  <properties/>
  <testcase name="contextLoads" classname="com.example.demo.DemoApplicationTests" time="0.011"/>
  <system-out><![CDATA[2019-09-04 19:11:03.299  INFO 7135 --- [    Test worker] .b.t.c.SpringBootTestContextBootstrapper : Neither @ContextConfiguration nor @ContextHierarchy found for test class [com.example.demo.DemoApplicationTests], using SpringBootContextLoader
2019-09-04 19:11:03.301  INFO 7135 --- [    Test worker] o.s.t.c.support.AbstractContextLoader    : Could not detect default resource locations for test class [com.example.demo.DemoApplicationTests]: no resource found for suffixes {-context.xml, Context.groovy}.
2019-09-04 19:11:03.302  INFO 7135 --- [    Test worker] t.c.s.AnnotationConfigContextLoaderUtils : Could not detect default configuration classes for test class [com.example.demo.DemoApplicationTests]: DemoApplicationTests does not declare any static, non-private, non-final, nested classes annotated with @Configuration.
2019-09-04 19:11:03.305  INFO 7135 --- [    Test worker] .b.t.c.SpringBootTestContextBootstrapper : Found @SpringBootConfiguration com.example.demo.DemoApplication for test class com.example.demo.DemoApplicationTests
2019-09-04 19:11:03.312  INFO 7135 --- [    Test worker] .b.t.c.SpringBootTestContextBootstrapper : Loaded default TestExecutionListener class names from location [META-INF/spring.factories]: [org.springframework.boot.test.autoconfigure.restdocs.RestDocsTestExecutionListener, org.springframework.boot.test.autoconfigure.web.client.MockRestServiceServerResetTestExecutionListener, org.springframework.boot.test.autoconfigure.web.servlet.MockMvcPrintOnlyOnFailureTestExecutionListener, org.springframework.boot.test.autoconfigure.web.servlet.WebDriverTestExecutionListener, org.springframework.boot.test.mock.mockito.MockitoTestExecutionListener, org.springframework.boot.test.mock.mockito.ResetMocksTestExecutionListener, org.springframework.test.context.web.ServletTestExecutionListener, org.springframework.test.context.support.DirtiesContextBeforeModesTestExecutionListener, org.springframework.test.context.support.DependencyInjectionTestExecutionListener, org.springframework.test.context.support.DirtiesContextTestExecutionListener, org.springframework.test.context.transaction.TransactionalTestExecutionListener, org.springframework.test.context.jdbc.SqlScriptsTestExecutionListener]
2019-09-04 19:11:03.313  INFO 7135 --- [    Test worker] .b.t.c.SpringBootTestContextBootstrapper : Using TestExecutionListeners: [org.springframework.test.context.web.ServletTestExecutionListener@5b36b69, org.springframework.test.context.support.DirtiesContextBeforeModesTestExecutionListener@3a6c0f11, org.springframework.boot.test.mock.mockito.MockitoTestExecutionListener@81602e2, org.springframework.boot.test.autoconfigure.SpringBootDependencyInjectionTestExecutionListener@14cb17a8, org.springframework.test.context.support.DirtiesContextTestExecutionListener@abdde7b, org.springframework.test.context.transaction.TransactionalTestExecutionListener@50735cba, org.springframework.test.context.jdbc.SqlScriptsTestExecutionListener@68ca4544, org.springframework.boot.test.autoconfigure.restdocs.RestDocsTestExecutionListener@24f079a2, org.springframework.boot.test.autoconfigure.web.client.MockRestServiceServerResetTestExecutionListener@40da2541, org.springframework.boot.test.autoconfigure.web.servlet.MockMvcPrintOnlyOnFailureTestExecutionListener@a86276c, org.springframework.boot.test.autoconfigure.web.servlet.WebDriverTestExecutionListener@30dca31d, org.springframework.boot.test.mock.mockito.ResetMocksTestExecutionListener@17c6e1cd]

  .   ____          _            __ _ _
 /\\ / ___'_ __ _ _(_)_ __  __ _ \ \ \ \
( ( )\___ | '_ | '_| | '_ \/ _` | \ \ \ \
 \\/  ___)| |_)| | | | | || (_| |  ) ) ) )
  '  |____| .__|_| |_|_| |_\__, | / / / /
 =========|_|==============|___/=/_/_/_/
 :: Spring Boot ::        (v2.1.7.RELEASE)

2019-09-04 19:11:03.393  INFO 7135 --- [    Test worker] com.example.demo.DemoApplicationTests    : Starting DemoApplicationTests on siddalisMacBook with PID 7135 (started by siddalinganayak in /Users/siddalinganayak/workspace/projects/person-user-profile-api)
2019-09-04 19:11:03.394  INFO 7135 --- [    Test worker] com.example.demo.DemoApplicationTests    : No active profile set, falling back to default profiles: default
2019-09-04 19:11:04.405  INFO 7135 --- [    Test worker] .s.d.r.c.RepositoryConfigurationDelegate : Bootstrapping Spring Data repositories in DEFAULT mode.
2019-09-04 19:11:04.431  INFO 7135 --- [    Test worker] .s.d.r.c.RepositoryConfigurationDelegate : Finished Spring Data repository scanning in 26ms. Found 1 repository interfaces.
2019-09-04 19:11:05.103  INFO 7135 --- [    Test worker] trationDelegate$BeanPostProcessorChecker : Bean 'org.springframework.transaction.annotation.ProxyTransactionManagementConfiguration' of type [org.springframework.transaction.annotation.ProxyTransactionManagementConfiguration$$EnhancerBySpringCGLIB$$db2c4a87] is not eligible for getting processed by all BeanPostProcessors (for example: not eligible for auto-proxying)
2019-09-04 19:11:05.421  INFO 7135 --- [    Test worker] com.zaxxer.hikari.HikariDataSource       : HikariPool-1 - Starting...
2019-09-04 19:11:05.472  INFO 7135 --- [    Test worker] com.zaxxer.hikari.HikariDataSource       : HikariPool-1 - Start completed.
2019-09-04 19:11:05.571  INFO 7135 --- [    Test worker] o.hibernate.jpa.internal.util.LogHelper  : HHH000204: Processing PersistenceUnitInfo [
	name: default
	...]
2019-09-04 19:11:05.580  INFO 7135 --- [    Test worker] org.hibernate.dialect.Dialect            : HHH000400: Using dialect: org.hibernate.dialect.H2Dialect
2019-09-04 19:11:05.638  INFO 7135 --- [    Test worker] o.h.t.schema.internal.SchemaCreatorImpl  : HHH000476: Executing import script 'org.hibernate.tool.schema.internal.exec.ScriptSourceInputNonExistentImpl@1f7e543c'
2019-09-04 19:11:05.639  INFO 7135 --- [    Test worker] j.LocalContainerEntityManagerFactoryBean : Initialized JPA EntityManagerFactory for persistence unit 'default'
2019-09-04 19:11:05.764  INFO 7135 --- [    Test worker] o.h.h.i.QueryTranslatorFactoryInitiator  : HHH000397: Using ASTQueryTranslatorFactory
2019-09-04 19:11:08.080  INFO 7135 --- [    Test worker] o.s.s.concurrent.ThreadPoolTaskExecutor  : Initializing ExecutorService 'applicationTaskExecutor'
2019-09-04 19:11:08.289  WARN 7135 --- [    Test worker] aWebConfiguration$JpaWebMvcConfiguration : spring.jpa.open-in-view is enabled by default. Therefore, database queries may be performed during view rendering. Explicitly configure spring.jpa.open-in-view to disable this warning
2019-09-04 19:11:09.506  INFO 7135 --- [    Test worker] com.example.demo.DemoApplicationTests    : Started DemoApplicationTests in 6.178 seconds (JVM running for 22.266)
John
Julie
]]></system-out>
  <system-err><![CDATA[]]></system-err>
</testsuite>
