<?xml version="1.0" encoding="UTF-8"?>
<testsuite name="com.example.demo.DemoApplicationTests" tests="1" skipped="0" failures="0" errors="0" timestamp="2019-09-02T04:58:36" hostname="siddalisMacBook" time="0.004">
  <properties/>
  <testcase name="contextLoads" classname="com.example.demo.DemoApplicationTests" time="0.004"/>
  <system-out><![CDATA[2019-09-02 00:58:33.624  INFO 5402 --- [    Test worker] .b.t.c.SpringBootTestContextBootstrapper : Neither @ContextConfiguration nor @ContextHierarchy found for test class [com.example.demo.DemoApplicationTests], using SpringBootContextLoader
2019-09-02 00:58:33.625  INFO 5402 --- [    Test worker] o.s.t.c.support.AbstractContextLoader    : Could not detect default resource locations for test class [com.example.demo.DemoApplicationTests]: no resource found for suffixes {-context.xml, Context.groovy}.
2019-09-02 00:58:33.625  INFO 5402 --- [    Test worker] t.c.s.AnnotationConfigContextLoaderUtils : Could not detect default configuration classes for test class [com.example.demo.DemoApplicationTests]: DemoApplicationTests does not declare any static, non-private, non-final, nested classes annotated with @Configuration.
2019-09-02 00:58:33.628  INFO 5402 --- [    Test worker] .b.t.c.SpringBootTestContextBootstrapper : Found @SpringBootConfiguration com.example.demo.DemoApplication for test class com.example.demo.DemoApplicationTests
2019-09-02 00:58:33.630  INFO 5402 --- [    Test worker] .b.t.c.SpringBootTestContextBootstrapper : Loaded default TestExecutionListener class names from location [META-INF/spring.factories]: [org.springframework.boot.test.autoconfigure.restdocs.RestDocsTestExecutionListener, org.springframework.boot.test.autoconfigure.web.client.MockRestServiceServerResetTestExecutionListener, org.springframework.boot.test.autoconfigure.web.servlet.MockMvcPrintOnlyOnFailureTestExecutionListener, org.springframework.boot.test.autoconfigure.web.servlet.WebDriverTestExecutionListener, org.springframework.boot.test.mock.mockito.MockitoTestExecutionListener, org.springframework.boot.test.mock.mockito.ResetMocksTestExecutionListener, org.springframework.test.context.web.ServletTestExecutionListener, org.springframework.test.context.support.DirtiesContextBeforeModesTestExecutionListener, org.springframework.test.context.support.DependencyInjectionTestExecutionListener, org.springframework.test.context.support.DirtiesContextTestExecutionListener, org.springframework.test.context.transaction.TransactionalTestExecutionListener, org.springframework.test.context.jdbc.SqlScriptsTestExecutionListener]
2019-09-02 00:58:33.631  INFO 5402 --- [    Test worker] .b.t.c.SpringBootTestContextBootstrapper : Using TestExecutionListeners: [org.springframework.test.context.web.ServletTestExecutionListener@23a3d6b2, org.springframework.test.context.support.DirtiesContextBeforeModesTestExecutionListener@45daf1a5, org.springframework.boot.test.mock.mockito.MockitoTestExecutionListener@46672bf9, org.springframework.boot.test.autoconfigure.SpringBootDependencyInjectionTestExecutionListener@5a8afc06, org.springframework.test.context.support.DirtiesContextTestExecutionListener@67a1b7a3, org.springframework.test.context.transaction.TransactionalTestExecutionListener@75e4252b, org.springframework.test.context.jdbc.SqlScriptsTestExecutionListener@a23e08d, org.springframework.boot.test.autoconfigure.restdocs.RestDocsTestExecutionListener@7c44703, org.springframework.boot.test.autoconfigure.web.client.MockRestServiceServerResetTestExecutionListener@6d32e4f7, org.springframework.boot.test.autoconfigure.web.servlet.MockMvcPrintOnlyOnFailureTestExecutionListener@392b5907, org.springframework.boot.test.autoconfigure.web.servlet.WebDriverTestExecutionListener@2c19e127, org.springframework.boot.test.mock.mockito.ResetMocksTestExecutionListener@94057f8]

  .   ____          _            __ _ _
 /\\ / ___'_ __ _ _(_)_ __  __ _ \ \ \ \
( ( )\___ | '_ | '_| | '_ \/ _` | \ \ \ \
 \\/  ___)| |_)| | | | | || (_| |  ) ) ) )
  '  |____| .__|_| |_|_| |_\__, | / / / /
 =========|_|==============|___/=/_/_/_/
 :: Spring Boot ::        (v2.1.7.RELEASE)

2019-09-02 00:58:33.665  INFO 5402 --- [    Test worker] com.example.demo.DemoApplicationTests    : Starting DemoApplicationTests on siddalisMacBook with PID 5402 (started by siddalinganayak in /Users/siddalinganayak/workspace/projects/person-user-profile-api)
2019-09-02 00:58:33.666  INFO 5402 --- [    Test worker] com.example.demo.DemoApplicationTests    : No active profile set, falling back to default profiles: default
2019-09-02 00:58:34.079  INFO 5402 --- [    Test worker] .s.d.r.c.RepositoryConfigurationDelegate : Bootstrapping Spring Data repositories in DEFAULT mode.
2019-09-02 00:58:34.113  INFO 5402 --- [    Test worker] .s.d.r.c.RepositoryConfigurationDelegate : Finished Spring Data repository scanning in 33ms. Found 1 repository interfaces.
2019-09-02 00:58:34.407  INFO 5402 --- [    Test worker] trationDelegate$BeanPostProcessorChecker : Bean 'org.springframework.transaction.annotation.ProxyTransactionManagementConfiguration' of type [org.springframework.transaction.annotation.ProxyTransactionManagementConfiguration$$EnhancerBySpringCGLIB$$8d9d7af8] is not eligible for getting processed by all BeanPostProcessors (for example: not eligible for auto-proxying)
2019-09-02 00:58:34.526  INFO 5402 --- [    Test worker] com.zaxxer.hikari.HikariDataSource       : HikariPool-1 - Starting...
2019-09-02 00:58:34.549  INFO 5402 --- [    Test worker] com.zaxxer.hikari.HikariDataSource       : HikariPool-1 - Start completed.
2019-09-02 00:58:34.583  INFO 5402 --- [    Test worker] o.hibernate.jpa.internal.util.LogHelper  : HHH000204: Processing PersistenceUnitInfo [
	name: default
	...]
2019-09-02 00:58:34.590  INFO 5402 --- [    Test worker] org.hibernate.dialect.Dialect            : HHH000400: Using dialect: org.hibernate.dialect.H2Dialect
2019-09-02 00:58:34.625  INFO 5402 --- [    Test worker] o.h.t.schema.internal.SchemaCreatorImpl  : HHH000476: Executing import script 'org.hibernate.tool.schema.internal.exec.ScriptSourceInputNonExistentImpl@58c056fd'
2019-09-02 00:58:34.626  INFO 5402 --- [    Test worker] j.LocalContainerEntityManagerFactoryBean : Initialized JPA EntityManagerFactory for persistence unit 'default'
2019-09-02 00:58:34.701  INFO 5402 --- [    Test worker] o.h.h.i.QueryTranslatorFactoryInitiator  : HHH000397: Using ASTQueryTranslatorFactory
2019-09-02 00:58:35.611  INFO 5402 --- [    Test worker] o.s.s.concurrent.ThreadPoolTaskExecutor  : Initializing ExecutorService 'applicationTaskExecutor'
2019-09-02 00:58:35.680  WARN 5402 --- [    Test worker] aWebConfiguration$JpaWebMvcConfiguration : spring.jpa.open-in-view is enabled by default. Therefore, database queries may be performed during view rendering. Explicitly configure spring.jpa.open-in-view to disable this warning
2019-09-02 00:58:36.093  INFO 5402 --- [    Test worker] com.example.demo.DemoApplicationTests    : Started DemoApplicationTests in 2.454 seconds (JVM running for 8.182)
John
Julie
]]></system-out>
  <system-err><![CDATA[]]></system-err>
</testsuite>
